==============================================================================
InformaticsAutomation                                                         
==============================================================================
InformaticsAutomation.Home page :: Login Feature                              
==============================================================================
User Logs in successfully                                             | PASS |
------------------------------------------------------------------------------
Navigate to Home Page                                                 | PASS |
------------------------------------------------------------------------------
Navigate to User Page                                                 | PASS |
------------------------------------------------------------------------------
Navigate to Album Page                                                | PASS |
------------------------------------------------------------------------------
Navigate to Photo Page                                                | PASS |
------------------------------------------------------------------------------
InformaticsAutomation.Home page :: Login Feature                      | PASS |
5 tests, 5 passed, 0 failed
==============================================================================
InformaticsAutomation                                                 | PASS |
5 tests, 5 passed, 0 failed
==============================================================================
Output:  C:\python-selenium\Robot-TestAtomation\InformaticsAutomation\pabot_results\0\output.xml
